<?xml version="1.0" encoding="UTF-8"?>
<!-- Generated by org.testng.reporters.JUnitXMLReporter -->
<testsuite hostname="NODE58" name="fireFoxTest1" tests="4" failures="0" timestamp="16 Oct 2014 14:52:48 GMT" time="0.055" errors="0">
  <testcase name="test1" time="0.01" classname="selenium.SeleniumTest"/>
  <testcase name="test2" time="0.0080" classname="selenium.SeleniumTest"/>
  <testcase name="test1" time="0.0020" classname="selenium.SeleniumRegressionSuite"/>
  <testcase name="test2" time="0.0030" classname="selenium.SeleniumRegressionSuite"/>
</testsuite> <!-- fireFoxTest1 -->
