<?xml version="1.0" encoding="UTF-8"?>
<!-- Generated by org.testng.reporters.JUnitXMLReporter -->
<testsuite hostname="NODE58" name="A" tests="1" failures="1" timestamp="28 Oct 2014 05:56:05 GMT" time="29.533" errors="0">
  <testcase name="profileScreenShotParallel" time="18.267" classname="selenium.Parallel27Oct">
    <failure type="org.openqa.selenium.NoAlertPresentException" message="No alert is present (WARNING: The server did not provide any stacktrace information)
Command duration or timeout: 2.49 seconds
Build info: version: &amp;apos;2.42.2&amp;apos;, revision: &amp;apos;6a6995d&amp;apos;, time: &amp;apos;2014-06-03 17:42:30&amp;apos;
System info: host: &amp;apos;NODE58&amp;apos;, ip: &amp;apos;10.210.0.118&amp;apos;, os.name: &amp;apos;Windows 7&amp;apos;, os.arch: &amp;apos;amd64&amp;apos;, os.version: &amp;apos;6.1&amp;apos;, java.version: &amp;apos;1.6.0_43&amp;apos;
Session ID: 0e0e5298-1058-43b6-bb15-85b3be4e6aba
Driver info: org.openqa.selenium.firefox.FirefoxDriver
Capabilities [{platform=XP, acceptSslCerts=true, javascriptEnabled=true, browserName=firefox, rotatable=false, locationContextEnabled=true, version=27.0, cssSelectorsEnabled=true, databaseEnabled=true, handlesAlerts=true, browserConnectionEnabled=true, nativeEvents=false, webStorageEnabled=true, applicationCacheEnabled=true, takesScreenshot=true}]">
      <![CDATA[org.openqa.selenium.NoAlertPresentException: No alert is present (WARNING: The server did not provide any stacktrace information)
Command duration or timeout: 2.49 seconds
Build info: version: '2.42.2', revision: '6a6995d', time: '2014-06-03 17:42:30'
System info: host: 'NODE58', ip: '10.210.0.118', os.name: 'Windows 7', os.arch: 'amd64', os.version: '6.1', java.version: '1.6.0_43'
Session ID: 0e0e5298-1058-43b6-bb15-85b3be4e6aba
Driver info: org.openqa.selenium.firefox.FirefoxDriver
Capabilities [{platform=XP, acceptSslCerts=true, javascriptEnabled=true, browserName=firefox, rotatable=false, locationContextEnabled=true, version=27.0, cssSelectorsEnabled=true, databaseEnabled=true, handlesAlerts=true, browserConnectionEnabled=true, nativeEvents=false, webStorageEnabled=true, applicationCacheEnabled=true, takesScreenshot=true}]
	at org.openqa.selenium.remote.ErrorHandler.createThrowable(ErrorHandler.java:204)
	at org.openqa.selenium.remote.ErrorHandler.throwIfResponseFailed(ErrorHandler.java:156)
	at org.openqa.selenium.remote.RemoteWebDriver.execute(RemoteWebDriver.java:599)
	at org.openqa.selenium.remote.RemoteWebDriver.execute(RemoteWebDriver.java:614)
	at org.openqa.selenium.remote.RemoteWebDriver$RemoteTargetLocator.alert(RemoteWebDriver.java:899)
	at selenium.Parallel27Oct.profileScreenShotParallel(Parallel27Oct.java:80)
	at java.util.concurrent.FutureTask$Sync.innerRun(Unknown Source)
	at java.util.concurrent.FutureTask.run(Unknown Source)
	at java.util.concurrent.ThreadPoolExecutor$Worker.runTask(Unknown Source)
	at java.util.concurrent.ThreadPoolExecutor$Worker.run(Unknown Source)
	at java.lang.Thread.run(Unknown Source)
... Removed 20 stack frames]]>
    </failure>
  </testcase> <!-- profileScreenShotParallel -->
</testsuite> <!-- A -->
